Arguments: 
  /home/cloudanalogy/.nvm/versions/node/v18.20.0/bin/node /snap/node/8440/bin/yarn.js add mysq12

PATH: 
  /home/cloudanalogy/.nvm/versions/node/v18.20.0/bin:/usr/lib/Seqrite/ClientAgent/cmd:/usr/local/sbin:/usr/local/bin:/usr/sbin:/usr/bin:/sbin:/bin:/usr/games:/usr/local/games:/snap/bin:/snap/bin

Yarn version: 
  1.22.19

Node version: 
  18.20.0

Platform: 
  linux x64

Trace: 
  Error: https://registry.yarnpkg.com/mysq12: Not found
      at params.callback [as _callback] (/snap/node/8440/lib/cli.js:66145:18)
      at self.callback (/snap/node/8440/lib/cli.js:140890:22)
      at Request.emit (node:events:517:28)
      at Request.<anonymous> (/snap/node/8440/lib/cli.js:141862:10)
      at Request.emit (node:events:517:28)
      at IncomingMessage.<anonymous> (/snap/node/8440/lib/cli.js:141784:12)
      at Object.onceWrapper (node:events:631:28)
      at IncomingMessage.emit (node:events:529:35)
      at endReadableNT (node:internal/streams/readable:1400:12)
      at process.processTicksAndRejections (node:internal/process/task_queues:82:21)

npm manifest: 
  {
    "name": "swiggy",
    "version": "1.0.0",
    "main": "api/index.js",
    "license": "MIT",
    "scripts": {
      "start": "nodemon api/index.js"
    },
    "dependencies": {
      "express": "^4.19.2",
      "nodemon": "^3.1.0",
      "sequelize": "^6.37.2"
    }
  }

yarn manifest: 
  No manifest

Lockfile: 
  No lockfile
